<?xml version="1.0" encoding="UTF-8"?>
<!-- Generated by org.testng.reporters.JUnitReportReporter -->
<testsuite hostname="Ashus" failures="0" tests="2" name="test.day4" time="0.001" errors="0" timestamp="2023-03-19T18:16:58 IST" skipped="0">
  <testcase classname="test.day4" name="LoginAPIHomeLoan" time="0.001"/>
  <system-out/>
  <testcase classname="test.day4" name="WebLoginHomeLoan" time="0.000"/>
  <system-out/>
</testsuite> <!-- test.day4 -->
