<?xml version="1.0" encoding="UTF-8"?>
<!-- Generated by org.testng.reporters.JUnitReportReporter -->
<testsuite hostname="Ashus" failures="0" tests="6" name="test.day8" time="0.005" errors="0" timestamp="2023-03-19T18:16:58 IST" skipped="0">
  <testcase classname="test.day8" name="C" time="0.000"/>
  <system-out/>
  <testcase classname="test.day8" name="Sparrow" time="0.004"/>
  <system-out/>
  <testcase classname="test.day8" name="Jack" time="0.000"/>
  <system-out/>
  <testcase classname="test.day8" name="A" time="0.000"/>
  <system-out/>
  <testcase classname="test.day8" name="Z" time="0.001"/>
  <system-out/>
  <testcase classname="test.day8" name="W" time="0.000"/>
  <system-out/>
</testsuite> <!-- test.day8 -->
