<?xml version="1.0" encoding="UTF-8"?>
<!-- Generated by org.testng.reporters.JUnitReportReporter -->
<testsuite hostname="Ashus" failures="0" tests="3" name="test.day5" time="0.003" errors="0" timestamp="2023-03-19T18:16:58 IST" skipped="0">
  <testcase classname="test.day5" name="MobileThirdHouseLoan" time="0.001"/>
  <system-out/>
  <testcase classname="test.day5" name="MobileFirstHouseLoan" time="0.001"/>
  <system-out/>
  <testcase classname="test.day5" name="MobileSecondHouseLoan" time="0.001"/>
  <system-out/>
</testsuite> <!-- test.day5 -->
