<?xml version="1.0" encoding="UTF-8"?>
<!-- Generated by org.testng.reporters.JUnitReportReporter -->
<testsuite hostname="Ashus" failures="0" tests="2" name="RegressionTest.delta1" time="0.010" errors="0" timestamp="2023-03-11T18:20:21 IST" skipped="0">
  <testcase classname="RegressionTest.delta1" name="Volkswagen_1" time="0.010"/>
  <system-out/>
  <testcase classname="RegressionTest.delta1" name="Volkswagen_3" time="0.000"/>
  <system-out/>
</testsuite> <!-- RegressionTest.delta1 -->
