<?xml version="1.0" encoding="UTF-8"?>
<!-- Generated by org.testng.reporters.JUnitReportReporter -->
<testsuite hostname="Ashus" failures="0" tests="1" name="test.day3" time="0.001" errors="0" timestamp="2023-03-19T18:16:58 IST" skipped="0">
  <testcase classname="test.day3" name="WebLoginPersonalLoan" time="0.001"/>
  <system-out/>
</testsuite> <!-- test.day3 -->
