<?xml version="1.0" encoding="UTF-8"?>
<!-- Generated by org.testng.reporters.JUnitReportReporter -->
<testsuite hostname="Ashus" failures="0" tests="1" name="RegressionTest.delta4" time="0.000" errors="0" timestamp="2023-03-11T18:20:21 IST" skipped="0">
  <testcase classname="RegressionTest.delta4" name="Nexas_1" time="0.000"/>
  <system-out/>
</testsuite> <!-- RegressionTest.delta4 -->
