<?xml version="1.0" encoding="UTF-8"?>
<!-- Generated by org.testng.reporters.JUnitReportReporter -->
<testsuite hostname="Ashus" failures="0" tests="1" name="test.day1" time="0.005" errors="0" timestamp="2023-03-19T18:16:58 IST" skipped="0">
  <testcase classname="test.day1" name="Demo" time="0.005"/>
  <system-out/>
</testsuite> <!-- test.day1 -->
