<?xml version="1.0" encoding="UTF-8"?>
<!-- Generated by org.testng.reporters.JUnitReportReporter -->
<testsuite hostname="Ashus" failures="0" tests="2" name="RegressionTest.delta2" time="0.004" errors="0" timestamp="2023-03-11T18:20:21 IST" skipped="0">
  <testcase classname="RegressionTest.delta2" name="Tata_2" time="0.002"/>
  <system-out/>
  <testcase classname="RegressionTest.delta2" name="Tata_3" time="0.002"/>
  <system-out/>
</testsuite> <!-- RegressionTest.delta2 -->
